Using pre-set license
Built from '2020.3/release' branch; Version is '2020.3.27f1 (e759542391ea) revision 15161684'; Using compiler version '192528614'; Build Type 'Release'
OS: 'Windows 10  (10.0.19045) 64bit Core' Language: 'en' Physical Memory: 3977 MB
BatchMode: 1, IsHumanControllingUs: 0, StartBugReporterOnCrash: 0, Is64bit: 1, IsPro: 0

COMMAND LINE ARGUMENTS:
C:\Program Files\Unity 2020.3.27f1\Editor\Unity.exe
-adb2
-batchMode
-noUpm
-name
AssetImportWorker3
-projectPath
C:/Users/austr/Documents/Unity Games/RPG-DT-Game-2/RpgGame2
-logFile
Logs/AssetImportWorker3.log
-srvPort
56606
Successfully changed project path to: C:/Users/austr/Documents/Unity Games/RPG-DT-Game-2/RpgGame2
C:/Users/austr/Documents/Unity Games/RPG-DT-Game-2/RpgGame2
Using Asset Import Pipeline V2.
Refreshing native plugins compatible for Editor in 413.93 ms, found 2 plugins.
Preloading 0 native plugins for Editor in 0.00 ms.
Initialize engine version: 2020.3.27f1 (e759542391ea)
[Subsystems] Discovering subsystems at path C:/Program Files/Unity 2020.3.27f1/Editor/Data/Resources/UnitySubsystems
[Subsystems] Discovering subsystems at path C:/Users/austr/Documents/Unity Games/RPG-DT-Game-2/RpgGame2/Assets
GfxDevice: creating device client; threaded=0
